2024-04-20 22:34:57.719 ERROR 7984 --- [           main] o.s.boot.SpringApplication               : Application run failed
%PARSER_ERROR[wEx]java.lang.IllegalStateException: java.lang.IllegalStateException: Logback configuration error detected:
ERROR in ch.qos.logback.core.pattern.parser.Compiler@43dac38f - There is no conversion class registered for conversion word [wEx]
ERROR in ch.qos.logback.core.pattern.parser.Compiler@43dac38f - [wEx] is not a valid conversion word
	at org.springframework.boot.context.logging.LoggingApplicationListener.initializeSystem(LoggingApplicationListener.java:344)
	at org.springframework.boot.context.logging.LoggingApplicationListener.initialize(LoggingApplicationListener.java:298)
	at org.springframework.boot.context.logging.LoggingApplicationListener.onApplicationEnvironmentPreparedEvent(LoggingApplicationListener.java:246)
	at org.springframework.boot.context.logging.LoggingApplicationListener.onApplicationEvent(LoggingApplicationListener.java:223)
	at org.springframework.context.event.SimpleApplicationEventMulticaster.doInvokeListener(SimpleApplicationEventMulticaster.java:176)
	at org.springframework.context.event.SimpleApplicationEventMulticaster.invokeListener(SimpleApplicationEventMulticaster.java:169)
	at org.springframework.context.event.SimpleApplicationEventMulticaster.multicastEvent(SimpleApplicationEventMulticaster.java:143)
	at org.springframework.context.event.SimpleApplicationEventMulticaster.multicastEvent(SimpleApplicationEventMulticaster.java:131)
	at org.springframework.boot.context.event.EventPublishingRunListener.environmentPrepared(EventPublishingRunListener.java:85)
	at org.springframework.boot.SpringApplicationRunListeners.lambda$environmentPrepared$2(SpringApplicationRunListeners.java:66)
	at java.util.ArrayList.forEach(ArrayList.java:1259)
	at org.springframework.boot.SpringApplicationRunListeners.doWithListeners(SpringApplicationRunListeners.java:120)
	at org.springframework.boot.SpringApplicationRunListeners.doWithListeners(SpringApplicationRunListeners.java:114)
	at org.springframework.boot.SpringApplicationRunListeners.environmentPrepared(SpringApplicationRunListeners.java:65)
	at org.springframework.boot.SpringApplication.prepareEnvironment(SpringApplication.java:343)
	at org.springframework.boot.SpringApplication.run(SpringApplication.java:301)
	at org.springframework.boot.SpringApplication.run(SpringApplication.java:1317)
	at org.springframework.boot.SpringApplication.run(SpringApplication.java:1306)
	at com.example.springboot.SpringbootApplication.main(SpringbootApplication.java:10)
Caused by: java.lang.IllegalStateException: Logback configuration error detected:
ERROR in ch.qos.logback.core.pattern.parser.Compiler@43dac38f - There is no conversion class registered for conversion word [wEx]
ERROR in ch.qos.logback.core.pattern.parser.Compiler@43dac38f - [wEx] is not a valid conversion word
	at org.springframework.boot.logging.logback.LogbackLoggingSystem.loadConfiguration(LogbackLoggingSystem.java:179)
	at org.springframework.boot.logging.AbstractLoggingSystem.initializeWithSpecificConfig(AbstractLoggingSystem.java:66)
	at org.springframework.boot.logging.AbstractLoggingSystem.initialize(AbstractLoggingSystem.java:57)
	at org.springframework.boot.logging.logback.LogbackLoggingSystem.initialize(LogbackLoggingSystem.java:132)
	at org.springframework.boot.context.logging.LoggingApplicationListener.initializeSystem(LoggingApplicationListener.java:332)
	... 18 common frames omitted
2024-04-20 22:35:51.159  INFO 25756 --- [           main] c.e.springboot.SpringbootApplication     : Starting SpringbootApplication using Java 1.8.0_301 on DESKTOP-FZK with PID 25756 (D:\workspace\IDEA\Git\springboot\springboot\target\classes started by fzk in D:\workspace\IDEA\Git\springboot\springboot)
2024-04-20 22:35:51.161  INFO 25756 --- [           main] c.e.springboot.SpringbootApplication     : No active profile set, falling back to 1 default profile: "default"
2024-04-20 22:35:51.859  INFO 25756 --- [           main] o.s.b.w.embedded.tomcat.TomcatWebServer  : Tomcat initialized with port(s): 8080 (http)
2024-04-20 22:35:51.867  INFO 25756 --- [           main] o.a.coyote.http11.Http11NioProtocol      : Initializing ProtocolHandler ["http-nio-8080"]
2024-04-20 22:35:51.868  INFO 25756 --- [           main] o.apache.catalina.core.StandardService   : Starting service [Tomcat]
2024-04-20 22:35:51.868  INFO 25756 --- [           main] org.apache.catalina.core.StandardEngine  : Starting Servlet engine: [Apache Tomcat/9.0.68]
2024-04-20 22:35:51.960  INFO 25756 --- [           main] o.a.c.c.C.[Tomcat].[localhost].[/fzk]    : Initializing Spring embedded WebApplicationContext
2024-04-20 22:35:51.960  INFO 25756 --- [           main] w.s.c.ServletWebServerApplicationContext : Root WebApplicationContext: initialization completed in 761 ms
2024-04-20 22:35:52.104  INFO 25756 --- [           main] o.s.b.a.w.s.WelcomePageHandlerMapping    : Adding welcome page: class path resource [static/index.html]
2024-04-20 22:35:52.160  INFO 25756 --- [           main] o.a.coyote.http11.Http11NioProtocol      : Starting ProtocolHandler ["http-nio-8080"]
2024-04-20 22:35:52.171  INFO 25756 --- [           main] o.s.b.w.embedded.tomcat.TomcatWebServer  : Tomcat started on port(s): 8080 (http) with context path '/fzk'
2024-04-20 22:35:52.178  INFO 25756 --- [           main] c.e.springboot.SpringbootApplication     : Started SpringbootApplication in 1.382 seconds (JVM running for 1.993)
2024-04-20 22:36:13.763  INFO 25416 --- [           main] c.e.springboot.SpringbootApplication     : Starting SpringbootApplication using Java 1.8.0_301 on DESKTOP-FZK with PID 25416 (D:\workspace\IDEA\Git\springboot\springboot\target\classes started by fzk in D:\workspace\IDEA\Git\springboot\springboot)
2024-04-20 22:36:13.765  INFO 25416 --- [           main] c.e.springboot.SpringbootApplication     : No active profile set, falling back to 1 default profile: "default"
2024-04-20 22:36:14.235  INFO 25416 --- [           main] o.s.b.w.embedded.tomcat.TomcatWebServer  : Tomcat initialized with port(s): 8080 (http)
2024-04-20 22:36:14.239  INFO 25416 --- [           main] o.a.coyote.http11.Http11NioProtocol      : Initializing ProtocolHandler ["http-nio-8080"]
2024-04-20 22:36:14.239  INFO 25416 --- [           main] o.apache.catalina.core.StandardService   : Starting service [Tomcat]
2024-04-20 22:36:14.239  INFO 25416 --- [           main] org.apache.catalina.core.StandardEngine  : Starting Servlet engine: [Apache Tomcat/9.0.68]
2024-04-20 22:36:14.308  INFO 25416 --- [           main] o.a.c.c.C.[Tomcat].[localhost].[/fzk]    : Initializing Spring embedded WebApplicationContext
2024-04-20 22:36:14.308  INFO 25416 --- [           main] w.s.c.ServletWebServerApplicationContext : Root WebApplicationContext: initialization completed in 515 ms
2024-04-20 22:36:14.414  INFO 25416 --- [           main] o.s.b.a.w.s.WelcomePageHandlerMapping    : Adding welcome page: class path resource [static/index.html]
2024-04-20 22:36:14.453  INFO 25416 --- [           main] o.a.coyote.http11.Http11NioProtocol      : Starting ProtocolHandler ["http-nio-8080"]
2024-04-20 22:36:14.463  INFO 25416 --- [           main] o.s.b.w.embedded.tomcat.TomcatWebServer  : Tomcat started on port(s): 8080 (http) with context path '/fzk'
2024-04-20 22:36:14.469  INFO 25416 --- [           main] c.e.springboot.SpringbootApplication     : Started SpringbootApplication in 1.011 seconds (JVM running for 1.596)
2024-04-20 22:38:16.521  INFO 16656 --- [           main] c.e.springboot.SpringbootApplication     : Starting SpringbootApplication using Java 1.8.0_301 on DESKTOP-FZK with PID 16656 (D:\workspace\IDEA\Git\springboot\springboot\target\classes started by fzk in D:\workspace\IDEA\Git\springboot\springboot)
2024-04-20 22:38:16.523  INFO 16656 --- [           main] c.e.springboot.SpringbootApplication     : No active profile set, falling back to 1 default profile: "default"
2024-04-20 22:38:16.986  INFO 16656 --- [           main] o.s.b.w.embedded.tomcat.TomcatWebServer  : Tomcat initialized with port(s): 8080 (http)
2024-04-20 22:38:16.990  INFO 16656 --- [           main] o.a.coyote.http11.Http11NioProtocol      : Initializing ProtocolHandler ["http-nio-8080"]
2024-04-20 22:38:16.991  INFO 16656 --- [           main] o.apache.catalina.core.StandardService   : Starting service [Tomcat]
2024-04-20 22:38:16.991  INFO 16656 --- [           main] org.apache.catalina.core.StandardEngine  : Starting Servlet engine: [Apache Tomcat/9.0.68]
2024-04-20 22:38:17.062  INFO 16656 --- [           main] o.a.c.c.C.[Tomcat].[localhost].[/]       : Initializing Spring embedded WebApplicationContext
2024-04-20 22:38:17.063  INFO 16656 --- [           main] w.s.c.ServletWebServerApplicationContext : Root WebApplicationContext: initialization completed in 514 ms
2024-04-20 22:38:17.176  INFO 16656 --- [           main] o.s.b.a.w.s.WelcomePageHandlerMapping    : Adding welcome page: class path resource [static/index.html]
2024-04-20 22:38:17.215  INFO 16656 --- [           main] o.a.coyote.http11.Http11NioProtocol      : Starting ProtocolHandler ["http-nio-8080"]
2024-04-20 22:38:17.226  INFO 16656 --- [           main] o.s.b.w.embedded.tomcat.TomcatWebServer  : Tomcat started on port(s): 8080 (http) with context path ''
2024-04-20 22:38:17.232  INFO 16656 --- [           main] c.e.springboot.SpringbootApplication     : Started SpringbootApplication in 1.021 seconds (JVM running for 1.64)
2024-04-20 22:38:28.557  INFO 16656 --- [http-nio-8080-exec-1] o.a.c.c.C.[Tomcat].[localhost].[/]       : Initializing Spring DispatcherServlet 'dispatcherServlet'
2024-04-20 22:38:28.557  INFO 16656 --- [http-nio-8080-exec-1] o.s.web.servlet.DispatcherServlet        : Initializing Servlet 'dispatcherServlet'
2024-04-20 22:38:28.558  INFO 16656 --- [http-nio-8080-exec-1] o.s.web.servlet.DispatcherServlet        : Completed initialization in 1 ms
2024-04-20 22:38:28.596  INFO 16656 --- [http-nio-8080-exec-1] c.e.s.demos.web.BasicController          : user: com.example.springboot.demos.entity.User@3cb68d75
2024-04-20 22:38:28.596 ERROR 16656 --- [http-nio-8080-exec-1] c.e.s.demos.web.BasicController          : user: com.example.springboot.demos.entity.User@3cb68d75
